
/home/runner/work/exp-integration-gauss-quadrature-method-two-point-iitb/exp-integration-gauss-quadrature-method-two-point-iitb/experiment/simulation/common_libraries/js/ts_components/collapse_step.js
   1:10  warning  'show_step' is defined but never used                 no-unused-vars
   2:5   warning  '$' is not defined                                    no-undef
   3:9   warning  '$' is not defined                                    no-undef
   6:10  warning  'hide_step' is defined but never used                 no-unused-vars
   7:5   warning  '$' is not defined                                    no-undef
   8:9   warning  '$' is not defined                                    no-undef
  11:10  warning  'get_collapse_btn_text' is defined but never used     no-unused-vars
  20:10  warning  'get_collapse_btn_element' is defined but never used  no-unused-vars
  29:10  warning  'hide_all_steps' is defined but never used            no-unused-vars
  31:9   warning  '$' is not defined                                    no-undef

/home/runner/work/exp-integration-gauss-quadrature-method-two-point-iitb/exp-integration-gauss-quadrature-method-two-point-iitb/experiment/simulation/common_libraries/js/ts_components/matrix.js
   27:26  warning  'MathJax' is not defined                                no-undef
   32:7   warning  'Matrix_Without_String' is defined but never used       no-unused-vars
   52:26  warning  'MathJax' is not defined                                no-undef
   56:10  warning  'get_matrix_html' is defined but never used             no-unused-vars
   87:13  warning  'row_html' is assigned a value but never used           no-unused-vars
   99:10  warning  'get_matrix_html_with_title' is defined but never used  no-unused-vars
  131:13  warning  'row_html' is assigned a value but never used           no-unused-vars
  143:10  warning  'convert_2d_to_1d_vector' is defined but never used     no-unused-vars
  156:10  warning  'convert_1d_to_2d_matrix' is defined but never used     no-unused-vars

/home/runner/work/exp-integration-gauss-quadrature-method-two-point-iitb/exp-integration-gauss-quadrature-method-two-point-iitb/experiment/simulation/common_libraries/js/ts_components/pannel.js
  8:7  warning  'Pannel' is defined but never used  no-unused-vars

/home/runner/work/exp-integration-gauss-quadrature-method-two-point-iitb/exp-integration-gauss-quadrature-method-two-point-iitb/experiment/simulation/common_libraries/js/ts_components/questions.js
   6:17  warning  'op1' is assigned a value but never used      no-unused-vars
   7:17  warning  'op2' is assigned a value but never used      no-unused-vars
   8:17  warning  'op3' is assigned a value but never used      no-unused-vars
   9:17  warning  'op4' is assigned a value but never used      no-unused-vars
  94:7   warning  'Question_Options' is defined but never used  no-unused-vars

/home/runner/work/exp-integration-gauss-quadrature-method-two-point-iitb/exp-integration-gauss-quadrature-method-two-point-iitb/experiment/simulation/common_libraries/js/ts_components/tables.js
   19:22  warning  'verify_values' is not defined                                     no-undef
  137:22  warning  'verify_values' is not defined                                     no-undef
  260:7   warning  'Verify_Rows_Cols_6_decimal_places' is defined but never used      no-unused-vars
  311:22  warning  'verify_values' is not defined                                     no-undef
  416:7   warning  'Verify_Rows_Cols_Custom_Fixed_Update1' is defined but never used  no-unused-vars
  468:7   warning  'Show_Table_Custom_Fixed' is defined but never used                no-unused-vars
  506:7   warning  'Verify_Rows_Cols_Strings' is defined but never used               no-unused-vars
  527:22  warning  'verify_values' is not defined                                     no-undef
  663:7   warning  'Display_Table' is defined but never used                          no-unused-vars

/home/runner/work/exp-integration-gauss-quadrature-method-two-point-iitb/exp-integration-gauss-quadrature-method-two-point-iitb/experiment/simulation/common_libraries/js/ts_math_library/general_math_functions.js
    1:10  warning  'verify_values' is defined but never used                   no-unused-vars
   17:10  warning  'random1' is defined but never used                         no-unused-vars
   21:10  warning  'std_deviation' is defined but never used                   no-unused-vars
   26:10  warning  'gauss' is defined but never used                           no-unused-vars
   56:10  warning  'hide_panel' is defined but never used                      no-unused-vars
   63:10  warning  'inverse_matrix' is defined but never used                  no-unused-vars
   96:10  warning  'matrix_multiplication' is defined but never used           no-unused-vars
  113:10  warning  'transpose_matrix' is defined but never used                no-unused-vars
  123:10  warning  'matrix_multiplication_8decimal' is defined but never used  no-unused-vars
  140:10  warning  'adjoint_2x2_matrix' is defined but never used              no-unused-vars
  145:10  warning  'find_deteminant' is defined but never used                 no-unused-vars
  174:10  warning  'get_Submatrix' is defined but never used                   no-unused-vars

/home/runner/work/exp-integration-gauss-quadrature-method-two-point-iitb/exp-integration-gauss-quadrature-method-two-point-iitb/experiment/simulation/common_libraries/js/ts_math_library/regression.js
   1:10  warning  'regression_linear' is defined but never used            no-unused-vars
  18:10  warning  'regression_linear_1variable' is defined but never used  no-unused-vars
  27:10  warning  'regression_linear_2variable' is defined but never used  no-unused-vars
  52:11  warning  'gauss' is not defined                                   no-undef

/home/runner/work/exp-integration-gauss-quadrature-method-two-point-iitb/exp-integration-gauss-quadrature-method-two-point-iitb/experiment/simulation/common_libraries/math.ob.js
  1:745  warning  'b' is already defined  no-redeclare

/home/runner/work/exp-integration-gauss-quadrature-method-two-point-iitb/exp-integration-gauss-quadrature-method-two-point-iitb/experiment/simulation/frameworks/math.ob.js
  1:745  warning  'b' is already defined  no-redeclare

/home/runner/work/exp-integration-gauss-quadrature-method-two-point-iitb/exp-integration-gauss-quadrature-method-two-point-iitb/experiment/simulation/js/simulation/frameworks/math.ob.js
  41:115  warning  'b' is already defined  no-redeclare

/home/runner/work/exp-integration-gauss-quadrature-method-two-point-iitb/exp-integration-gauss-quadrature-method-two-point-iitb/experiment/simulation/js/ts_simulation/activity1.js
   23:20   warning  'get_collapse_btn_text' is not defined               no-undef
   31:28   warning  'x1_a1' is not defined                               no-undef
   31:39   warning  'x2_a1' is not defined                               no-undef
   31:62   warning  Unnecessary escape character: \×                     no-useless-escape
   31:88   warning  Unnecessary escape character: \⇒                     no-useless-escape
   37:26   warning  'x1_a1' is not defined                               no-undef
   37:47   warning  'x2_a1' is not defined                               no-undef
   65:22   warning  'MathJax' is not defined                             no-undef
   66:5    warning  'hide_all_steps' is not defined                      no-undef
   68:9    warning  'show_step' is not defined                           no-undef
   71:10   warning  'internal_calculations_1' is defined but never used  no-unused-vars
   72:5    warning  'x1_a1' is not defined                               no-undef
   73:5    warning  'x2_a1' is not defined                               no-undef
   74:5    warning  'a_a1' is not defined                                no-undef
   75:5    warning  'b_a1' is not defined                                no-undef
   76:5    warning  'x_u1_a1' is not defined                             no-undef
   77:5    warning  'x_u2_a1' is not defined                             no-undef
   78:5    warning  'I_a1' is not defined                                no-undef
   79:5    warning  'x1_a1' is not defined                               no-undef
   80:5    warning  'x2_a1' is not defined                               no-undef
   80:13   warning  'x1_a1' is not defined                               no-undef
   81:5    warning  'a_a1' is not defined                                no-undef
   81:12   warning  'get_a' is not defined                               no-undef
   81:18   warning  'x1_a1' is not defined                               no-undef
   81:25   warning  'x2_a1' is not defined                               no-undef
   82:5    warning  'b_a1' is not defined                                no-undef
   82:12   warning  'get_b' is not defined                               no-undef
   82:18   warning  'x1_a1' is not defined                               no-undef
   82:25   warning  'x2_a1' is not defined                               no-undef
   83:5    warning  'x_u1_a1' is not defined                             no-undef
   83:15   warning  'a_a1' is not defined                                no-undef
   83:22   warning  'u1_a1' is not defined                               no-undef
   83:30   warning  'b_a1' is not defined                                no-undef
   84:5    warning  'x_u2_a1' is not defined                             no-undef
   84:15   warning  'a_a1' is not defined                                no-undef
   84:22   warning  'u2_a1' is not defined                               no-undef
   84:30   warning  'b_a1' is not defined                                no-undef
   85:5    warning  'I_a1' is not defined                                no-undef
   85:12   warning  'a_a1' is not defined                                no-undef
   85:20   warning  'f1' is not defined                                  no-undef
   85:23   warning  'x_u1_a1' is not defined                             no-undef
   85:34   warning  'f1' is not defined                                  no-undef
   85:37   warning  'x_u2_a1' is not defined                             no-undef
   88:10   warning  'a1_verify_a_b' is defined but never used            no-unused-vars
   91:17   warning  'a_a1' is not defined                                no-undef
   91:23   warning  'b_a1' is not defined                                no-undef
   92:10   warning  'verify_values' is not defined                       no-undef
   92:49   warning  'a_a1' is not defined                                no-undef
  101:10   warning  'verify_values' is not defined                       no-undef
  101:49   warning  'b_a1' is not defined                                no-undef
  116:41   warning  'a_a1' is not defined                                no-undef
  119:41   warning  'b_a1' is not defined                                no-undef
  124:22   warning  'MathJax' is not defined                             no-undef
  126:10   warning  'a1_load_I' is defined but never used                no-unused-vars
  135:14   warning  Unnecessary escape character: \×                     no-useless-escape
  142:25   warning  Unnecessary escape character: \×                     no-useless-escape
  142:71   warning  Unnecessary escape character: \×                     no-useless-escape
  153:22   warning  'MathJax' is not defined                             no-undef
  155:10   warning  'a1_verify_I' is defined but never used              no-unused-vars
  157:17   warning  'I_a1' is not defined                                no-undef
  158:10   warning  'verify_values' is not defined                       no-undef
  158:60   warning  'I_a1' is not defined                                no-undef
  172:16   warning  Unnecessary escape character: \×                     no-useless-escape
  172:62   warning  Unnecessary escape character: \×                     no-useless-escape
  172:171  warning  'I_a1' is not defined                                no-undef
  177:22   warning  'MathJax' is not defined                             no-undef

/home/runner/work/exp-integration-gauss-quadrature-method-two-point-iitb/exp-integration-gauss-quadrature-method-two-point-iitb/experiment/simulation/js/ts_simulation/activity2.js
    1:10   warning  'activity2' is defined but never used                no-unused-vars
   16:5    warning  'maindiv' is not defined                             no-undef
   17:5    warning  'hide_all_steps' is not defined                      no-undef
   23:20   warning  'get_collapse_btn_text' is not defined               no-undef
   31:28   warning  'x1_a2' is not defined                               no-undef
   31:39   warning  'x2_a2' is not defined                               no-undef
   31:49   warning  Unnecessary escape character: \×                     no-useless-escape
   31:65   warning  Unnecessary escape character: \×                     no-useless-escape
   31:91   warning  Unnecessary escape character: \⇒                     no-useless-escape
   37:26   warning  'x1_a2' is not defined                               no-undef
   37:47   warning  'x2_a2' is not defined                               no-undef
   64:5    warning  'maindiv' is not defined                             no-undef
   65:22   warning  'MathJax' is not defined                             no-undef
   66:5    warning  'hide_all_steps' is not defined                      no-undef
   68:9    warning  'show_step' is not defined                           no-undef
   71:10   warning  'internal_calculations_2' is defined but never used  no-unused-vars
   72:5    warning  'x1_a2' is not defined                               no-undef
   73:5    warning  'x2_a2' is not defined                               no-undef
   74:5    warning  'a_a2' is not defined                                no-undef
   75:5    warning  'b_a2' is not defined                                no-undef
   76:5    warning  'x_u1_a2' is not defined                             no-undef
   77:5    warning  'x_u2_a2' is not defined                             no-undef
   78:5    warning  'I_a2' is not defined                                no-undef
   79:5    warning  'x1_a2' is not defined                               no-undef
   80:5    warning  'x2_a2' is not defined                               no-undef
   80:13   warning  'x1_a2' is not defined                               no-undef
   81:5    warning  'a_a2' is not defined                                no-undef
   81:12   warning  'get_a' is not defined                               no-undef
   81:18   warning  'x1_a2' is not defined                               no-undef
   81:25   warning  'x2_a2' is not defined                               no-undef
   82:5    warning  'b_a2' is not defined                                no-undef
   82:12   warning  'get_b' is not defined                               no-undef
   82:18   warning  'x1_a2' is not defined                               no-undef
   82:25   warning  'x2_a2' is not defined                               no-undef
   83:5    warning  'x_u1_a2' is not defined                             no-undef
   83:15   warning  'a_a2' is not defined                                no-undef
   83:22   warning  'u1_a1' is not defined                               no-undef
   83:30   warning  'b_a2' is not defined                                no-undef
   84:5    warning  'x_u2_a2' is not defined                             no-undef
   84:15   warning  'a_a2' is not defined                                no-undef
   84:22   warning  'u2_a1' is not defined                               no-undef
   84:30   warning  'b_a2' is not defined                                no-undef
   85:5    warning  'I_a2' is not defined                                no-undef
   85:12   warning  'a_a2' is not defined                                no-undef
   85:20   warning  'f2' is not defined                                  no-undef
   85:23   warning  'x_u1_a2' is not defined                             no-undef
   85:34   warning  'f2' is not defined                                  no-undef
   85:37   warning  'x_u2_a2' is not defined                             no-undef
   88:10   warning  'a2_verify_a_b' is defined but never used            no-unused-vars
   91:17   warning  'a_a2' is not defined                                no-undef
   91:23   warning  'b_a2' is not defined                                no-undef
   92:10   warning  'verify_values' is not defined                       no-undef
   92:49   warning  'a_a2' is not defined                                no-undef
  101:10   warning  'verify_values' is not defined                       no-undef
  101:49   warning  'b_a2' is not defined                                no-undef
  116:41   warning  'a_a2' is not defined                                no-undef
  119:41   warning  'b_a2' is not defined                                no-undef
  124:22   warning  'MathJax' is not defined                             no-undef
  126:10   warning  'a2_load_I' is defined but never used                no-unused-vars
  135:14   warning  Unnecessary escape character: \×                     no-useless-escape
  142:25   warning  Unnecessary escape character: \×                     no-useless-escape
  142:71   warning  Unnecessary escape character: \×                     no-useless-escape
  153:22   warning  'MathJax' is not defined                             no-undef
  155:10   warning  'a2_verify_I' is defined but never used              no-unused-vars
  157:17   warning  'I_a2' is not defined                                no-undef
  158:10   warning  'verify_values' is not defined                       no-undef
  158:60   warning  'I_a2' is not defined                                no-undef
  172:16   warning  Unnecessary escape character: \×                     no-useless-escape
  172:62   warning  Unnecessary escape character: \×                     no-useless-escape
  172:171  warning  'I_a2' is not defined                                no-undef
  177:22   warning  'MathJax' is not defined                             no-undef
  179:1    warning  'activity1' is not defined                           no-undef

/home/runner/work/exp-integration-gauss-quadrature-method-two-point-iitb/exp-integration-gauss-quadrature-method-two-point-iitb/experiment/simulation/js/ts_simulation/activity3.js
    1:10   warning  'activity3' is defined but never used                no-unused-vars
   16:5    warning  'maindiv' is not defined                             no-undef
   17:5    warning  'hide_all_steps' is not defined                      no-undef
   23:20   warning  'get_collapse_btn_text' is not defined               no-undef
   31:28   warning  'x1_a3' is not defined                               no-undef
   31:39   warning  'x2_a3' is not defined                               no-undef
   31:69   warning  Unnecessary escape character: \×                     no-useless-escape
   31:95   warning  Unnecessary escape character: \⇒                     no-useless-escape
   37:26   warning  'x1_a3' is not defined                               no-undef
   37:47   warning  'x2_a3' is not defined                               no-undef
   64:5    warning  'maindiv' is not defined                             no-undef
   65:22   warning  'MathJax' is not defined                             no-undef
   66:5    warning  'hide_all_steps' is not defined                      no-undef
   68:9    warning  'show_step' is not defined                           no-undef
   71:10   warning  'internal_calculations_3' is defined but never used  no-unused-vars
   72:5    warning  'x1_a3' is not defined                               no-undef
   73:5    warning  'x2_a3' is not defined                               no-undef
   74:5    warning  'a_a3' is not defined                                no-undef
   75:5    warning  'b_a3' is not defined                                no-undef
   76:5    warning  'x_u1_a3' is not defined                             no-undef
   77:5    warning  'x_u2_a3' is not defined                             no-undef
   78:5    warning  'I_a3' is not defined                                no-undef
   79:5    warning  'x1_a3' is not defined                               no-undef
   80:5    warning  'x2_a3' is not defined                               no-undef
   80:13   warning  'x1_a3' is not defined                               no-undef
   81:5    warning  'a_a3' is not defined                                no-undef
   81:12   warning  'get_a' is not defined                               no-undef
   81:18   warning  'x1_a3' is not defined                               no-undef
   81:25   warning  'x2_a3' is not defined                               no-undef
   82:5    warning  'b_a3' is not defined                                no-undef
   82:12   warning  'get_b' is not defined                               no-undef
   82:18   warning  'x1_a3' is not defined                               no-undef
   82:25   warning  'x2_a3' is not defined                               no-undef
   83:5    warning  'x_u1_a3' is not defined                             no-undef
   83:15   warning  'a_a3' is not defined                                no-undef
   83:22   warning  'u1_a1' is not defined                               no-undef
   83:30   warning  'b_a3' is not defined                                no-undef
   84:5    warning  'x_u2_a3' is not defined                             no-undef
   84:15   warning  'a_a3' is not defined                                no-undef
   84:22   warning  'u2_a1' is not defined                               no-undef
   84:30   warning  'b_a3' is not defined                                no-undef
   85:5    warning  'I_a3' is not defined                                no-undef
   85:12   warning  'a_a3' is not defined                                no-undef
   85:20   warning  'f3' is not defined                                  no-undef
   85:23   warning  'x_u1_a3' is not defined                             no-undef
   85:34   warning  'f3' is not defined                                  no-undef
   85:37   warning  'x_u2_a3' is not defined                             no-undef
   88:10   warning  'a3_verify_a_b' is defined but never used            no-unused-vars
   91:17   warning  'a_a3' is not defined                                no-undef
   91:23   warning  'b_a3' is not defined                                no-undef
   92:10   warning  'verify_values' is not defined                       no-undef
   92:49   warning  'a_a3' is not defined                                no-undef
  101:10   warning  'verify_values' is not defined                       no-undef
  101:49   warning  'b_a3' is not defined                                no-undef
  116:41   warning  'a_a3' is not defined                                no-undef
  119:41   warning  'b_a3' is not defined                                no-undef
  124:22   warning  'MathJax' is not defined                             no-undef
  126:10   warning  'a3_load_I' is defined but never used                no-unused-vars
  135:14   warning  Unnecessary escape character: \×                     no-useless-escape
  142:25   warning  Unnecessary escape character: \×                     no-useless-escape
  142:71   warning  Unnecessary escape character: \×                     no-useless-escape
  153:22   warning  'MathJax' is not defined                             no-undef
  155:10   warning  'a3_verify_I' is defined but never used              no-unused-vars
  157:17   warning  'I_a3' is not defined                                no-undef
  158:10   warning  'verify_values' is not defined                       no-undef
  158:60   warning  'I_a3' is not defined                                no-undef
  172:16   warning  Unnecessary escape character: \×                     no-useless-escape
  172:62   warning  Unnecessary escape character: \×                     no-useless-escape
  172:171  warning  'I_a3' is not defined                                no-undef
  177:22   warning  'MathJax' is not defined                             no-undef
  179:10   warning  'exp_completed' is defined but never used            no-unused-vars
  184:1    warning  'activity1' is not defined                           no-undef

/home/runner/work/exp-integration-gauss-quadrature-method-two-point-iitb/exp-integration-gauss-quadrature-method-two-point-iitb/experiment/simulation/js/ts_simulation/data.js
   2:5  warning  'a_a1' is defined but never used            no-unused-vars
   3:5  warning  'b_a1' is defined but never used            no-unused-vars
   4:5  warning  'I_a1' is defined but never used            no-unused-vars
   5:5  warning  'u1_a1' is assigned a value but never used  no-unused-vars
   6:5  warning  'u2_a1' is assigned a value but never used  no-unused-vars
   7:5  warning  'x1_a1' is defined but never used           no-unused-vars
   8:5  warning  'x2_a1' is defined but never used           no-unused-vars
   9:5  warning  'x_u1_a1' is defined but never used         no-unused-vars
  10:5  warning  'x_u2_a1' is defined but never used         no-unused-vars
  12:5  warning  'a_a2' is defined but never used            no-unused-vars
  13:5  warning  'b_a2' is defined but never used            no-unused-vars
  14:5  warning  'I_a2' is defined but never used            no-unused-vars
  15:5  warning  'u1_a2' is assigned a value but never used  no-unused-vars
  16:5  warning  'u2_a2' is assigned a value but never used  no-unused-vars
  17:5  warning  'x1_a2' is defined but never used           no-unused-vars
  18:5  warning  'x2_a2' is defined but never used           no-unused-vars
  19:5  warning  'x_u1_a2' is defined but never used         no-unused-vars
  20:5  warning  'x_u2_a2' is defined but never used         no-unused-vars
  22:5  warning  'a_a3' is defined but never used            no-unused-vars
  23:5  warning  'b_a3' is defined but never used            no-unused-vars
  24:5  warning  'I_a3' is defined but never used            no-unused-vars
  25:5  warning  'u1_a3' is assigned a value but never used  no-unused-vars
  26:5  warning  'u2_a3' is assigned a value but never used  no-unused-vars
  27:5  warning  'x1_a3' is defined but never used           no-unused-vars
  28:5  warning  'x2_a3' is defined but never used           no-unused-vars
  29:5  warning  'x_u1_a3' is defined but never used         no-unused-vars
  30:5  warning  'x_u2_a3' is defined but never used         no-unused-vars

/home/runner/work/exp-integration-gauss-quadrature-method-two-point-iitb/exp-integration-gauss-quadrature-method-two-point-iitb/experiment/simulation/js/ts_simulation/gauss_quad_2pt.js
   1:10  warning  'f1' is defined but never used     no-unused-vars
   4:10  warning  'f2' is defined but never used     no-unused-vars
   7:10  warning  'f3' is defined but never used     no-unused-vars
  10:10  warning  'get_a' is defined but never used  no-unused-vars
  13:10  warning  'get_b' is defined but never used  no-unused-vars

✖ 295 problems (0 errors, 295 warnings)

